C51 COMPILER V9.60.7.0   INIT                                                              10/14/2025 21:55:12 PAGE 1   


C51 COMPILER V9.60.7.0, COMPILATION OF MODULE INIT
OBJECT MODULE PLACED IN .\Objects\init.obj
COMPILER INVOKED BY: C:\Keil_v5\C51\BIN\C51.EXE include\init\init.c OPTIMIZE(8,SPEED) BROWSE INCDIR(.\include;.\include\
                    -delay;.\include\init;.\include\play_mode;.\include\uart_init) DEBUG OBJECTEXTEND PRINT(.\Listings\init.lst) TABS(2) OBJE
                    -CT(.\Objects\init.obj)

line level    source

   1          #include <REGX51.H>
   2          #include "play_mode.h"
   3          
   4          void init(void) {
   5   1        unsigned short x = 65535 / 2;
   6   1        unsigned short y = 65535 / 2;   
   7   1      }


MODULE INFORMATION:   STATIC OVERLAYABLE
   CODE SIZE        =     13    ----
   CONSTANT SIZE    =   ----    ----
   XDATA SIZE       =   ----    ----
   PDATA SIZE       =   ----    ----
   DATA SIZE        =   ----       4
   IDATA SIZE       =   ----    ----
   BIT SIZE         =   ----    ----
END OF MODULE INFORMATION.


C51 COMPILATION COMPLETE.  0 WARNING(S),  0 ERROR(S)
