C51 COMPILER V9.60.7.0   MAIN                                                              10/15/2025 00:30:32 PAGE 1   


C51 COMPILER V9.60.7.0, COMPILATION OF MODULE MAIN
OBJECT MODULE PLACED IN .\Objects\main.obj
COMPILER INVOKED BY: C:\Keil_v5\C51\BIN\C51.EXE src\main.c OPTIMIZE(8,SPEED) BROWSE INCDIR(.\include;.\include\delay;.\i
                    -nclude\play_mode;.\include\uart_init) DEBUG OBJECTEXTEND PRINT(.\Listings\main.lst) TABS(2) OBJECT(.\Objects\main.obj)

line level    source

   1          #include <REGX51.H>
   2          
   3          #include "uart_init.h"
   4          #include "play_mode.h"
   5          #include "delay.h"
   6          
   7          sbit led1 = P1^0;
   8          sbit led2 = P1^1;
   9          sbit coinDetector = P1^3;
  10          
  11          unsigned char x;
  12          unsigned char y;
  13          unsigned char z;
  14          
  15          
  16          
  17          void main(void){
  18   1        
  19   1        uart_init();
  20   1        
  21   1        //khoi tao gia tri
  22   1        Init:
  23   1        x = 254/2;
  24   1        y = 254/2;
  25   1        z = 0;
  26   1        
  27   1        while(1){
  28   2          //chop tat led
  29   2          led1 = 1;
  30   2          led2 = 0;
  31   2          delay(2000);
  32   2          led1 = 0;
  33   2          led2 = 1;
  34   2          delay(2000);
  35   2          
  36   2          //kiem tra xu
  37   2          if(coinDetector == 0){
  38   3            delay(30);
  39   3            if(coinDetector == 0){
  40   4              led1 = 1;
  41   4              led2 = 1;
  42   4              play_mode(&x, &y, &z);
  43   4              
  44   4              //debug tren VIRTUAL TERMINAL
  45   4              uart_sendchar('X');
  46   4              uart_sendchar('=');
  47   4              uart_sendnum(x);
  48   4              uart_sendchar(' ');
  49   4      
  50   4              uart_sendchar('Y');
  51   4              uart_sendchar('=');
  52   4              uart_sendnum(y);
  53   4              uart_sendchar(' ');
  54   4      
C51 COMPILER V9.60.7.0   MAIN                                                              10/15/2025 00:30:32 PAGE 2   

  55   4              uart_sendchar('Z');
  56   4              uart_sendchar('=');
  57   4              uart_sendnum(z);
  58   4              uart_sendchar('\n'); // xuong dong
  59   4              uart_sendchar('\r');
  60   4              
  61   4              //khoi tao lai trang thai ban dau 
  62   4              goto Init;
  63   4            }
  64   3          }
  65   2        }
  66   1      }


MODULE INFORMATION:   STATIC OVERLAYABLE
   CODE SIZE        =    140    ----
   CONSTANT SIZE    =   ----    ----
   XDATA SIZE       =   ----    ----
   PDATA SIZE       =   ----    ----
   DATA SIZE        =      3    ----
   IDATA SIZE       =   ----    ----
   BIT SIZE         =   ----    ----
END OF MODULE INFORMATION.


C51 COMPILATION COMPLETE.  0 WARNING(S),  0 ERROR(S)
